<?xml version="1.0" encoding="UTF-8"?>
<coverage generated="1737304380543" clover="3.2.0">
  <project timestamp="1737304380543" name="All files">
    <metrics statements="16" coveredstatements="10" conditionals="6" coveredconditionals="5" methods="8" coveredmethods="5" elements="30" coveredelements="20" complexity="0" loc="16" ncloc="16" packages="1" files="3" classes="3"/>
    <file name="App.tsx" path="/Users/raman/Desktop/frontend-interview-task/src/App.tsx">
      <metrics statements="5" coveredstatements="0" conditionals="0" coveredconditionals="0" methods="3" coveredmethods="0"/>
      <line num="4" count="0" type="stmt"/>
      <line num="5" count="0" type="stmt"/>
      <line num="7" count="0" type="stmt"/>
      <line num="13" count="0" type="stmt"/>
      <line num="21" count="0" type="stmt"/>
    </file>
    <file name="ModalDialog.tsx" path="/Users/raman/Desktop/frontend-interview-task/src/ModalDialog.tsx">
      <metrics statements="10" coveredstatements="10" conditionals="6" coveredconditionals="5" methods="5" coveredmethods="5"/>
      <line num="11" count="1" type="stmt"/>
      <line num="12" count="5" type="stmt"/>
      <line num="13" count="5" type="cond" truecount="2" falsecount="0"/>
      <line num="15" count="4" type="stmt"/>
      <line num="16" count="1" type="cond" truecount="1" falsecount="1"/>
      <line num="19" count="4" type="stmt"/>
      <line num="20" count="4" type="stmt"/>
      <line num="23" count="5" type="cond" truecount="2" falsecount="0"/>
      <line num="25" count="4" type="stmt"/>
      <line num="32" count="1" type="stmt"/>
    </file>
    <file name="main.jsx" path="/Users/raman/Desktop/frontend-interview-task/src/main.jsx">
      <metrics statements="1" coveredstatements="0" conditionals="0" coveredconditionals="0" methods="0" coveredmethods="0"/>
      <line num="6" count="0" type="stmt"/>
    </file>
  </project>
</coverage>
