{"/Users/raman/Desktop/frontend-interview-task/src/App.tsx": {"path":"/Users/raman/Desktop/frontend-interview-task/src/App.tsx","statementMap":{"0":{"start":{"line":4,"column":22},"end":{"line":31,"column":1}},"1":{"start":{"line":5,"column":38},"end":{"line":5,"column":62}},"2":{"start":{"line":7,"column":2},"end":{"line":30,"column":4}},"3":{"start":{"line":13,"column":23},"end":{"line":13,"column":41}},"4":{"start":{"line":21,"column":23},"end":{"line":21,"column":42}}},"fnMap":{"0":{"name":"(anonymous_0)","decl":{"start":{"line":4,"column":22},"end":{"line":4,"column":23}},"loc":{"start":{"line":4,"column":28},"end":{"line":31,"column":1}},"line":4},"1":{"name":"(anonymous_1)","decl":{"start":{"line":13,"column":17},"end":{"line":13,"column":18}},"loc":{"start":{"line":13,"column":23},"end":{"line":13,"column":41}},"line":13},"2":{"name":"(anonymous_2)","decl":{"start":{"line":21,"column":17},"end":{"line":21,"column":18}},"loc":{"start":{"line":21,"column":23},"end":{"line":21,"column":42}},"line":21}},"branchMap":{},"s":{"0":0,"1":0,"2":0,"3":0,"4":0},"f":{"0":0,"1":0,"2":0},"b":{}}
,"/Users/raman/Desktop/frontend-interview-task/src/ModalDialog.tsx": {"path":"/Users/raman/Desktop/frontend-interview-task/src/ModalDialog.tsx","statementMap":{"0":{"start":{"line":11,"column":48},"end":{"line":49,"column":1}},"1":{"start":{"line":12,"column":2},"end":{"line":21,"column":24}},"2":{"start":{"line":13,"column":4},"end":{"line":13,"column":24}},"3":{"start":{"line":13,"column":17},"end":{"line":13,"column":24}},"4":{"start":{"line":15,"column":26},"end":{"line":17,"column":5}},"5":{"start":{"line":16,"column":6},"end":{"line":16,"column":44}},"6":{"start":{"line":16,"column":34},"end":{"line":16,"column":44}},"7":{"start":{"line":19,"column":4},"end":{"line":19,"column":56}},"8":{"start":{"line":20,"column":4},"end":{"line":20,"column":72}},"9":{"start":{"line":20,"column":17},"end":{"line":20,"column":71}},"10":{"start":{"line":23,"column":2},"end":{"line":23,"column":27}},"11":{"start":{"line":23,"column":15},"end":{"line":23,"column":27}},"12":{"start":{"line":25,"column":2},"end":{"line":48,"column":4}},"13":{"start":{"line":32,"column":24},"end":{"line":32,"column":43}}},"fnMap":{"0":{"name":"(anonymous_0)","decl":{"start":{"line":11,"column":48},"end":{"line":11,"column":49}},"loc":{"start":{"line":11,"column":90},"end":{"line":49,"column":1}},"line":11},"1":{"name":"(anonymous_1)","decl":{"start":{"line":12,"column":12},"end":{"line":12,"column":13}},"loc":{"start":{"line":12,"column":18},"end":{"line":21,"column":3}},"line":12},"2":{"name":"(anonymous_2)","decl":{"start":{"line":15,"column":26},"end":{"line":15,"column":27}},"loc":{"start":{"line":15,"column":52},"end":{"line":17,"column":5}},"line":15},"3":{"name":"(anonymous_3)","decl":{"start":{"line":20,"column":11},"end":{"line":20,"column":12}},"loc":{"start":{"line":20,"column":17},"end":{"line":20,"column":71}},"line":20},"4":{"name":"(anonymous_4)","decl":{"start":{"line":32,"column":17},"end":{"line":32,"column":18}},"loc":{"start":{"line":32,"column":24},"end":{"line":32,"column":43}},"line":32}},"branchMap":{"0":{"loc":{"start":{"line":13,"column":4},"end":{"line":13,"column":24}},"type":"if","locations":[{"start":{"line":13,"column":4},"end":{"line":13,"column":24}},{"start":{},"end":{}}],"line":13},"1":{"loc":{"start":{"line":16,"column":6},"end":{"line":16,"column":44}},"type":"if","locations":[{"start":{"line":16,"column":6},"end":{"line":16,"column":44}},{"start":{},"end":{}}],"line":16},"2":{"loc":{"start":{"line":23,"column":2},"end":{"line":23,"column":27}},"type":"if","locations":[{"start":{"line":23,"column":2},"end":{"line":23,"column":27}},{"start":{},"end":{}}],"line":23}},"s":{"0":1,"1":5,"2":5,"3":1,"4":4,"5":1,"6":1,"7":4,"8":4,"9":4,"10":5,"11":1,"12":4,"13":1},"f":{"0":5,"1":5,"2":1,"3":4,"4":1},"b":{"0":[1,4],"1":[1,0],"2":[1,4]},"_coverageSchema":"1a1c01bbd47fc00a2c39e90264f33305004495a9","hash":"52cdd7d4af75f1cf792459dff63db3e1eded07bd"}
,"/Users/raman/Desktop/frontend-interview-task/src/main.jsx": {"path":"/Users/raman/Desktop/frontend-interview-task/src/main.jsx","statementMap":{"0":{"start":{"line":6,"column":0},"end":{"line":10,"column":2}}},"fnMap":{},"branchMap":{},"s":{"0":0},"f":{},"b":{}}
}
