TN:
SF:src/App.tsx
FN:4,(anonymous_0)
FN:13,(anonymous_1)
FN:21,(anonymous_2)
FNF:3
FNH:0
FNDA:0,(anonymous_0)
FNDA:0,(anonymous_1)
FNDA:0,(anonymous_2)
DA:4,0
DA:5,0
DA:7,0
DA:13,0
DA:21,0
LF:5
LH:0
BRF:0
BRH:0
end_of_record
TN:
SF:src/ModalDialog.tsx
FN:11,(anonymous_0)
FN:12,(anonymous_1)
FN:15,(anonymous_2)
FN:20,(anonymous_3)
FN:32,(anonymous_4)
FNF:5
FNH:5
FNDA:5,(anonymous_0)
FNDA:5,(anonymous_1)
FNDA:1,(anonymous_2)
FNDA:4,(anonymous_3)
FNDA:1,(anonymous_4)
DA:11,1
DA:12,5
DA:13,5
DA:15,4
DA:16,1
DA:19,4
DA:20,4
DA:23,5
DA:25,4
DA:32,1
LF:10
LH:10
BRDA:13,0,0,1
BRDA:13,0,1,4
BRDA:16,1,0,1
BRDA:16,1,1,0
BRDA:23,2,0,1
BRDA:23,2,1,4
BRF:6
BRH:5
end_of_record
TN:
SF:src/main.jsx
FNF:0
FNH:0
DA:6,0
LF:1
LH:0
BRF:0
BRH:0
end_of_record
